
Showing logs for build [32mcb-kubecd-environment-pr-1291-4-n2h2j-1[0m stage [32mfrom-build-pack[0m and container [32mstep-credential-initializer-dw2lx[0m
{"level":"warn","ts":1584527207.5373583,"logger":"fallback-logger","caller":"logging/config.go:69","msg":"Fetch GitHub commit ID from kodata failed: \"ref: refs/heads/0.8.0-**-support-backwards-incompats\" is not a valid GitHub commit ID"}
{"level":"info","ts":1584527207.538671,"logger":"fallback-logger","caller":"creds-init/main.go:40","msg":"Credentials initialized."}

Showing logs for build [32mcb-kubecd-environment-pr-1291-4-n2h2j-1[0m stage [32mfrom-build-pack[0m and container [32mstep-working-dir-initializer-snbf7[0m
{"level":"warn","ts":1584527208.8326485,"logger":"fallback-logger","caller":"logging/config.go:69","msg":"Fetch GitHub commit ID from kodata failed: open /var/run/ko/HEAD: no such file or directory"}
{"level":"info","ts":1584527208.8342817,"logger":"fallback-logger","caller":"bash/main.go:64","msg":"Successfully executed command \"sh -c mkdir -p /workspace/source\"; output "}

Showing logs for build [32mcb-kubecd-environment-pr-1291-4-n2h2j-1[0m stage [32mfrom-build-pack[0m and container [32mstep-place-tools[0m

Showing logs for build [32mcb-kubecd-environment-pr-1291-4-n2h2j-1[0m stage [32mfrom-build-pack[0m and container [32mstep-git-source-cb-kubecd-environment-pr-1291-4-n2h2j-d74rw[0m
{"level":"warn","ts":1584527211.9638927,"logger":"fallback-logger","caller":"logging/config.go:69","msg":"Fetch GitHub commit ID from kodata failed: \"ref: refs/heads/0.8.0-**-support-backwards-incompats\" is not a valid GitHub commit ID"}
{"level":"info","ts":1584527213.0210414,"logger":"fallback-logger","caller":"git/git.go:103","msg":"Successfully cloned https://github.com/cb-kubecd/environment-pr-1291-4-bdd-frontend-staging.git @ master in path /workspace/source"}

Showing logs for build [32mcb-kubecd-environment-pr-1291-4-n2h2j-1[0m stage [32mfrom-build-pack[0m and container [32mstep-git-merge[0m
Using SHAs from PULL_REFS=master:24cdf73997fb135c58ffa24d8094bd97285613ac,1:6e3518672a3cff061c4c55a52789e6753a79ebab
DEBUG: LC_ALL=C JX_LOG_LEVEL=error git fetch origin --unshallow 6e3518672a3cff061c4c55a52789e6753a79ebab: 24cdf73997fb135c58ffa24d8094bd97285613ac:
DEBUG: ran git fetch --unshallow origin 6e3518672a3cff061c4c55a52789e6753a79ebab: 24cdf73997fb135c58ffa24d8094bd97285613ac: in 
DEBUG: LC_ALL=C JX_LOG_LEVEL=error git branch
DEBUG: LC_ALL=C JX_LOG_LEVEL=error git checkout master
DEBUG: ran git checkout master in 
DEBUG: LC_ALL=C JX_LOG_LEVEL=error git reset --hard 24cdf73997fb135c58ffa24d8094bd97285613ac
DEBUG: ran git reset --hard 24cdf73997fb135c58ffa24d8094bd97285613ac in 
DEBUG: LC_ALL=C JX_LOG_LEVEL=error git clean -fd .
DEBUG: ran clean --force -d . in 
DEBUG: LC_ALL=C JX_LOG_LEVEL=error git merge 6e3518672a3cff061c4c55a52789e6753a79ebab
DEBUG: ran git merge 6e3518672a3cff061c4c55a52789e6753a79ebab in 
DEBUG: LC_ALL=C JX_LOG_LEVEL=error git log --format=%H%x1f%an%x1f%ae%x1f%cn%x1f%ce%x1f%s%n%b%x1e 24cdf73997fb135c58ffa24d8094bd97285613ac..HEAD
Merged SHA 6e3518672a3cff061c4c55a52789e6753a79ebab with commit message 'chore: Promote bdd-nh-1584526315 to version 0.0.1' into base branch master

Showing logs for build [32mcb-kubecd-environment-pr-1291-4-n2h2j-1[0m stage [32mfrom-build-pack[0m and container [32mstep-build-helm-build[0m
WARNING: No $CHART_REPOSITORY defined so using the default value of: http://jenkins-x-chartmuseum:8080
Adding missing Helm repo: storage.googleapis.com https://storage.googleapis.com/chartmuseum.jenkins-x.io
WARNING: No secrets found on "helm/repos" due: reading the secret "helm/repos" from vault: no secret "helm/repos" not found in vault
Read credentials for https://storage.googleapis.com/chartmuseum.jenkins-x.io from vault helm/repos
Successfully added Helm repository storage.googleapis.com.
Adding missing Helm repo: jenkins-x-chartmuseum http://jenkins-x-chartmuseum:8080
WARNING: No secrets found on "helm/repos" due: reading the secret "helm/repos" from vault: no secret "helm/repos" not found in vault
Read credentials for http://jenkins-x-chartmuseum:8080 from vault helm/repos
Successfully added Helm repository jenkins-x-chartmuseum.
WARNING: No $CHART_REPOSITORY defined so using the default value of: http://jenkins-x-chartmuseum:8080
Adding missing Helm repo: chartmuseum.jenkins-x.io http://chartmuseum.jenkins-x.io
WARNING: No secrets found on "helm/repos" due: reading the secret "helm/repos" from vault: no secret "helm/repos" not found in vault
Read credentials for http://chartmuseum.jenkins-x.io from vault helm/repos
Successfully added Helm repository chartmuseum.jenkins-x.io.
